  Using bundled DotNet SDK
  Log file: C:\Users\EMI\AppData\Local\UnrealBuildTool\Log.txt
  Using 'git status' to determine working set for adaptive non-unity build (C:\Users\EMI\Documents\GitHub\UE5_MyGame).
  Waiting for 'git status' command to complete
  Invalidating makefile for MyGameEditor (working set of source files changed)
  Parsing headers for MyGameEditor
    Running UnrealHeaderTool "C:\Users\EMI\Documents\GitHub\UE5_MyGame\MyGame\MyGame.uproject" "C:\Users\EMI\Documents\GitHub\UE5_MyGame\MyGame\Intermediate\Build\Win64\MyGameEditor\Development\MyGameEditor.uhtmanifest" -LogCmds="loginit warning, logexit warning, logdatabase error" -Unattended -WarningsAsErrors -abslog="C:\Users\EMI\AppData\Local\UnrealBuildTool\Log_UHT.txt" -installed
  Reflection code generated for MyGameEditor in 3,0600398 seconds
  Building MyGameEditor...
  Using Visual Studio 2022 14.33.31629 toolchain (C:\Program Files\Microsoft Visual Studio\2022\Community\VC\Tools\MSVC\14.33.31629) and Windows 10.0.19041.0 SDK (C:\Program Files (x86)\Windows Kits\10).
  [Adaptive Build] Excluded from MyGame unity file: MG_Character.cpp
  Determining max actions to execute in parallel (4 physical cores, 4 logical cores)
    Executing up to 4 processes, one per physical core
  Building 5 actions with 4 processes...
  [1/5] Compile MG_Character.gen.cpp
  [2/5] Compile MG_Character.cpp
  [3/5] Link UnrealEditor-MyGame.lib
     Trwa tworzenie biblioteki C:\Users\EMI\Documents\GitHub\UE5_MyGame\MyGame\Intermediate\Build\Win64\UnrealEditor\Development\MyGame\UnrealEditor-MyGame.lib i obiektu C:\Users\EMI\Documents\GitHub\UE5_MyGame\MyGame\Intermediate\Build\Win64\UnrealEditor\Development\MyGame\UnrealEditor-MyGame.exp
  [4/5] Link UnrealEditor-MyGame.dll
     Trwa tworzenie biblioteki C:\Users\EMI\Documents\GitHub\UE5_MyGame\MyGame\Intermediate\Build\Win64\UnrealEditor\Development\MyGame\UnrealEditor-MyGame.suppressed.lib i obiektu C:\Users\EMI\Documents\GitHub\UE5_MyGame\MyGame\Intermediate\Build\Win64\UnrealEditor\Development\MyGame\UnrealEditor-MyGame.suppressed.exp
  [5/5] WriteMetadata MyGameEditor.target
  Total time in Parallel executor: 3,26 seconds
  Total execution time: 9,42 seconds
