[0914/203156.415:ERROR:audio_rtp_receiver.cc(89)] AudioRtpReceiver::OnSetVolume: No audio channel exists.
[0914/203156.420:WARNING:used_ids.h(55)] Duplicate id found. Reassigning from 104 to 127
[0914/203156.420:WARNING:used_ids.h(55)] Duplicate id found. Reassigning from 102 to 125
[0914/203156.420:WARNING:used_ids.h(55)] Duplicate id found. Reassigning from 104 to 124
[0914/203156.420:WARNING:used_ids.h(55)] Duplicate id found. Reassigning from 106 to 123
[0914/203156.420:WARNING:used_ids.h(55)] Duplicate id found. Reassigning from 103 to 122
[0914/203156.420:WARNING:used_ids.h(55)] Duplicate id found. Reassigning from 105 to 121
[0914/203156.420:WARNING:used_ids.h(55)] Duplicate id found. Reassigning from 109 to 120
[0914/203156.420:WARNING:used_ids.h(55)] Duplicate id found. Reassigning from 1 to 14
[0914/203156.420:WARNING:used_ids.h(55)] Duplicate id found. Reassigning from 3 to 13
[0914/203156.420:WARNING:used_ids.h(55)] Duplicate id found. Reassigning from 5 to 12
[0914/203156.420:WARNING:used_ids.h(55)] Duplicate id found. Reassigning from 6 to 11
[0914/203210.357:WARNING:used_ids.h(55)] Duplicate id found. Reassigning from 104 to 127
[0914/203210.358:WARNING:used_ids.h(55)] Duplicate id found. Reassigning from 102 to 125
[0914/203210.358:WARNING:used_ids.h(55)] Duplicate id found. Reassigning from 104 to 124
[0914/203210.358:WARNING:used_ids.h(55)] Duplicate id found. Reassigning from 106 to 123
[0914/203210.358:WARNING:used_ids.h(55)] Duplicate id found. Reassigning from 103 to 122
[0914/203210.358:WARNING:used_ids.h(55)] Duplicate id found. Reassigning from 105 to 121
[0914/203210.358:WARNING:used_ids.h(55)] Duplicate id found. Reassigning from 109 to 120
[0914/203210.358:WARNING:used_ids.h(55)] Duplicate id found. Reassigning from 1 to 14
[0914/203210.358:WARNING:used_ids.h(55)] Duplicate id found. Reassigning from 3 to 13
[0914/203210.358:WARNING:used_ids.h(55)] Duplicate id found. Reassigning from 5 to 12
[0914/203210.358:WARNING:used_ids.h(55)] Duplicate id found. Reassigning from 6 to 11
[0914/203210.358:ERROR:audio_rtp_receiver.cc(89)] AudioRtpReceiver::OnSetVolume: No audio channel exists.
[0914/203216.075:ERROR:batching_media_log.cc(38)] MediaEvent: {"error":"FFmpegDemuxer: no supported streams"}
[0914/203216.076:ERROR:batching_media_log.cc(35)] MediaEvent: {"pipeline_error":14}
[0914/203216.176:WARNING:spdy_session.cc(3365)] Received HEADERS for invalid stream 123
[0914/203216.188:ERROR:batching_media_log.cc(38)] MediaEvent: {"error":"FFmpegDemuxer: no supported streams"}
[0914/203216.188:ERROR:batching_media_log.cc(35)] MediaEvent: {"pipeline_error":14}
